<?xml version="1.0" encoding="UTF-8"?>
<!-- Generated by org.testng.reporters.JUnitXMLReporter -->
<testsuite hostname="DESKTOP-LPUGFBC" ignored="0" name="Test Test" tests="3" failures="0" timestamp="11 May 2020 05:39:02 GMT" time="334.155" errors="0">
  <testcase name="feature" time="152.019" classname="cucumber.api.testng.AbstractTestNGCucumberTests"/>
  <testcase name="feature" time="100.375" classname="cucumber.api.testng.AbstractTestNGCucumberTests"/>
  <testcase name="feature" time="80.147" classname="cucumber.api.testng.AbstractTestNGCucumberTests"/>
</testsuite> <!-- Test Test -->
